<?xml version="1.0" encoding="UTF-8"?>
<robot generator="Robot 7.1.1 (Python 3.12.6 on win32)" generated="2024-10-27T16:26:24.005029" rpa="false" schemaversion="5">
<suite id="s1" name="Comentario-Receita" source="C:\Users\marin\Downloads\GuruGourmetRobot\tests\comentarios\comentario-receita.robot">
<test id="s1-t1" name="Caso de Teste 01 - Adicionar Comentário em Receita" line="14">
<kw name="Abrir o navegador" owner="resource" type="SETUP">
<kw name="Open Browser" owner="SeleniumLibrary">
<msg time="2024-10-27T16:26:24.261276" level="INFO">Opening browser 'chrome' to base url 'None'.</msg>
<arg>browser=${BROWSER}</arg>
<doc>Opens a new browser instance to the optional ``url``.</doc>
<status status="PASS" start="2024-10-27T16:26:24.261276" elapsed="1.649969"/>
</kw>
<kw name="Maximize Browser Window" owner="SeleniumLibrary">
<doc>Maximizes current browser window.</doc>
<status status="PASS" start="2024-10-27T16:26:25.911245" elapsed="0.039641"/>
</kw>
<status status="PASS" start="2024-10-27T16:26:24.260772" elapsed="1.690114"/>
</kw>
<kw name="Fazer login como usuário autenticado">
<kw name="Go To" owner="SeleniumLibrary">
<msg time="2024-10-27T16:26:25.952904" level="INFO">Opening url 'http://localhost:8000/login/'</msg>
<arg>${URL_BASE}/login/</arg>
<doc>Navigates the current browser window to the provided ``url``.</doc>
<status status="PASS" start="2024-10-27T16:26:25.952904" elapsed="1.784513"/>
</kw>
<kw name="Sleep" owner="BuiltIn">
<msg time="2024-10-27T16:26:29.738758" level="INFO">Slept 2 seconds.</msg>
<arg>2s</arg>
<doc>Pauses the test executed for the given time.</doc>
<status status="PASS" start="2024-10-27T16:26:27.738417" elapsed="2.000341"/>
</kw>
<kw name="Wait Until Element Is Visible" owner="SeleniumLibrary">
<arg>id=email</arg>
<arg>timeout=10s</arg>
<doc>Waits until the element ``locator`` is visible.</doc>
<status status="PASS" start="2024-10-27T16:26:29.738758" elapsed="0.019516"/>
</kw>
<kw name="Input Text" owner="SeleniumLibrary">
<msg time="2024-10-27T16:26:29.759247" level="INFO">Typing text 'marinacbraga02@gmail.com' into text field 'id=email'.</msg>
<arg>id=email</arg>
<arg>${USERNAME}</arg>
<doc>Types the given ``text`` into the text field identified by ``locator``.</doc>
<status status="PASS" start="2024-10-27T16:26:29.758274" elapsed="0.110678"/>
</kw>
<kw name="Input Text" owner="SeleniumLibrary">
<msg time="2024-10-27T16:26:29.868952" level="INFO">Typing text 'Mar!na11' into text field 'id=password'.</msg>
<arg>id=password</arg>
<arg>${PASSWORD}</arg>
<doc>Types the given ``text`` into the text field identified by ``locator``.</doc>
<status status="PASS" start="2024-10-27T16:26:29.868952" elapsed="0.067119"/>
</kw>
<kw name="Click Button" owner="SeleniumLibrary">
<msg time="2024-10-27T16:26:29.937067" level="INFO">Clicking button 'xpath=//button[text()='Login']'.</msg>
<arg>xpath=//button[text()='Login']</arg>
<doc>Clicks the button identified by ``locator``.</doc>
<status status="PASS" start="2024-10-27T16:26:29.936071" elapsed="0.047263"/>
</kw>
<kw name="Sleep" owner="BuiltIn">
<msg time="2024-10-27T16:26:34.983726" level="INFO">Slept 5 seconds.</msg>
<arg>5s</arg>
<doc>Pauses the test executed for the given time.</doc>
<status status="PASS" start="2024-10-27T16:26:29.983334" elapsed="5.000392"/>
</kw>
<status status="PASS" start="2024-10-27T16:26:25.951901" elapsed="9.031825"/>
</kw>
<kw name="Acessar página de receita">
<kw name="Go To" owner="SeleniumLibrary">
<msg time="2024-10-27T16:26:34.983726" level="INFO">Opening url 'http://localhost:8000/receita/26'</msg>
<arg>${URL_BASE}/receita/26</arg>
<doc>Navigates the current browser window to the provided ``url``.</doc>
<status status="PASS" start="2024-10-27T16:26:34.983726" elapsed="0.343543"/>
</kw>
<kw name="Wait Until Element Is Visible" owner="SeleniumLibrary">
<arg>id=comentarioReceita</arg>
<arg>timeout=10s</arg>
<doc>Waits until the element ``locator`` is visible.</doc>
<status status="PASS" start="2024-10-27T16:26:35.327269" elapsed="0.050136"/>
</kw>
<status status="PASS" start="2024-10-27T16:26:34.983726" elapsed="0.393679"/>
</kw>
<kw name="Escrever comentário">
<kw name="Wait Until Element Is Visible" owner="SeleniumLibrary">
<arg>id=comentarioReceita</arg>
<arg>timeout=10s</arg>
<doc>Waits until the element ``locator`` is visible.</doc>
<status status="PASS" start="2024-10-27T16:26:35.378405" elapsed="0.020059"/>
</kw>
<kw name="Input Text" owner="SeleniumLibrary">
<msg time="2024-10-27T16:26:35.399464" level="INFO">Typing text 'Comentário de Teste pro vídeo.' into text field 'id=comentarioReceita'.</msg>
<arg>id=comentarioReceita</arg>
<arg>${comentario}</arg>
<doc>Types the given ``text`` into the text field identified by ``locator``.</doc>
<status status="PASS" start="2024-10-27T16:26:35.399464" elapsed="0.102193"/>
</kw>
<kw name="Click Button" owner="SeleniumLibrary">
<msg time="2024-10-27T16:26:35.502655" level="INFO">Clicking button 'id=botaoEnviarComentario'.</msg>
<arg>id=botaoEnviarComentario</arg>
<doc>Clicks the button identified by ``locator``.</doc>
<status status="PASS" start="2024-10-27T16:26:35.502655" elapsed="0.077237"/>
</kw>
<kw name="Sleep" owner="BuiltIn">
<msg time="2024-10-27T16:26:36.581508" level="INFO">Slept 1 second.</msg>
<arg>1s</arg>
<doc>Pauses the test executed for the given time.</doc>
<status status="PASS" start="2024-10-27T16:26:35.579892" elapsed="1.001616"/>
</kw>
<arg>Comentário de Teste pro vídeo.</arg>
<status status="PASS" start="2024-10-27T16:26:35.378405" elapsed="1.203103"/>
</kw>
<kw name="Verificar comentário adicionado">
<kw name="Wait Until Element Is Visible" owner="SeleniumLibrary">
<arg>xpath=//p[contains(text(), '${comentario}')]</arg>
<arg>timeout=10s</arg>
<doc>Waits until the element ``locator`` is visible.</doc>
<status status="PASS" start="2024-10-27T16:26:36.581508" elapsed="0.017584"/>
</kw>
<arg>Comentário de Teste pro vídeo.</arg>
<status status="PASS" start="2024-10-27T16:26:36.581508" elapsed="0.017584"/>
</kw>
<kw name="Fechar o navegador" owner="resource" type="TEARDOWN">
<kw name="Capture Page Screenshot" owner="SeleniumLibrary">
<msg time="2024-10-27T16:26:36.752583" level="INFO" html="true">&lt;/td&gt;&lt;/tr&gt;&lt;tr&gt;&lt;td colspan="3"&gt;&lt;a href="selenium-screenshot-6.png"&gt;&lt;img src="selenium-screenshot-6.png" width="800px"&gt;&lt;/a&gt;</msg>
<doc>Takes a screenshot of the current page and embeds it into a log file.</doc>
<status status="PASS" start="2024-10-27T16:26:36.599092" elapsed="0.153491"/>
</kw>
<kw name="Close Browser" owner="SeleniumLibrary">
<doc>Closes the current browser.</doc>
<status status="PASS" start="2024-10-27T16:26:36.752583" elapsed="2.421614"/>
</kw>
<status status="PASS" start="2024-10-27T16:26:36.599092" elapsed="2.575105"/>
</kw>
<status status="PASS" start="2024-10-27T16:26:24.259770" elapsed="14.914427"/>
</test>
<test id="s1-t2" name="Caso de Teste 02 - Tentar Adicionar Comentário Vazio" line="21">
<kw name="Abrir o navegador" owner="resource" type="SETUP">
<kw name="Open Browser" owner="SeleniumLibrary">
<msg time="2024-10-27T16:26:39.176165" level="INFO">Opening browser 'chrome' to base url 'None'.</msg>
<arg>browser=${BROWSER}</arg>
<doc>Opens a new browser instance to the optional ``url``.</doc>
<status status="PASS" start="2024-10-27T16:26:39.175165" elapsed="1.341075"/>
</kw>
<kw name="Maximize Browser Window" owner="SeleniumLibrary">
<doc>Maximizes current browser window.</doc>
<status status="PASS" start="2024-10-27T16:26:40.516240" elapsed="0.032615"/>
</kw>
<status status="PASS" start="2024-10-27T16:26:39.175165" elapsed="1.373690"/>
</kw>
<kw name="Fazer login como usuário autenticado">
<kw name="Go To" owner="SeleniumLibrary">
<msg time="2024-10-27T16:26:40.549851" level="INFO">Opening url 'http://localhost:8000/login/'</msg>
<arg>${URL_BASE}/login/</arg>
<doc>Navigates the current browser window to the provided ``url``.</doc>
<status status="PASS" start="2024-10-27T16:26:40.549851" elapsed="2.382422"/>
</kw>
<kw name="Sleep" owner="BuiltIn">
<msg time="2024-10-27T16:26:44.933513" level="INFO">Slept 2 seconds.</msg>
<arg>2s</arg>
<doc>Pauses the test executed for the given time.</doc>
<status status="PASS" start="2024-10-27T16:26:42.933296" elapsed="2.000217"/>
</kw>
<kw name="Wait Until Element Is Visible" owner="SeleniumLibrary">
<arg>id=email</arg>
<arg>timeout=10s</arg>
<doc>Waits until the element ``locator`` is visible.</doc>
<status status="PASS" start="2024-10-27T16:26:44.933513" elapsed="0.022614"/>
</kw>
<kw name="Input Text" owner="SeleniumLibrary">
<msg time="2024-10-27T16:26:44.956127" level="INFO">Typing text 'marinacbraga02@gmail.com' into text field 'id=email'.</msg>
<arg>id=email</arg>
<arg>${USERNAME}</arg>
<doc>Types the given ``text`` into the text field identified by ``locator``.</doc>
<status status="PASS" start="2024-10-27T16:26:44.956127" elapsed="0.102995"/>
</kw>
<kw name="Input Text" owner="SeleniumLibrary">
<msg time="2024-10-27T16:26:45.060772" level="INFO">Typing text 'Mar!na11' into text field 'id=password'.</msg>
<arg>id=password</arg>
<arg>${PASSWORD}</arg>
<doc>Types the given ``text`` into the text field identified by ``locator``.</doc>
<status status="PASS" start="2024-10-27T16:26:45.060635" elapsed="0.068701"/>
</kw>
<kw name="Click Button" owner="SeleniumLibrary">
<msg time="2024-10-27T16:26:45.130843" level="INFO">Clicking button 'xpath=//button[text()='Login']'.</msg>
<arg>xpath=//button[text()='Login']</arg>
<doc>Clicks the button identified by ``locator``.</doc>
<status status="PASS" start="2024-10-27T16:26:45.130843" elapsed="0.049799"/>
</kw>
<kw name="Sleep" owner="BuiltIn">
<msg time="2024-10-27T16:26:50.181096" level="INFO">Slept 5 seconds.</msg>
<arg>5s</arg>
<doc>Pauses the test executed for the given time.</doc>
<status status="PASS" start="2024-10-27T16:26:45.180642" elapsed="5.000454"/>
</kw>
<status status="PASS" start="2024-10-27T16:26:40.549851" elapsed="9.631245"/>
</kw>
<kw name="Acessar página de receita">
<kw name="Go To" owner="SeleniumLibrary">
<msg time="2024-10-27T16:26:50.182046" level="INFO">Opening url 'http://localhost:8000/receita/26'</msg>
<arg>${URL_BASE}/receita/26</arg>
<doc>Navigates the current browser window to the provided ``url``.</doc>
<status status="PASS" start="2024-10-27T16:26:50.182046" elapsed="0.312986"/>
</kw>
<kw name="Wait Until Element Is Visible" owner="SeleniumLibrary">
<arg>id=comentarioReceita</arg>
<arg>timeout=10s</arg>
<doc>Waits until the element ``locator`` is visible.</doc>
<status status="PASS" start="2024-10-27T16:26:50.495032" elapsed="0.027571"/>
</kw>
<status status="PASS" start="2024-10-27T16:26:50.181096" elapsed="0.341507"/>
</kw>
<kw name="Tentar enviar comentário vazio">
<kw name="Wait Until Element Is Visible" owner="SeleniumLibrary">
<arg>id=comentarioReceita</arg>
<arg>timeout=10s</arg>
<doc>Waits until the element ``locator`` is visible.</doc>
<status status="PASS" start="2024-10-27T16:26:50.523613" elapsed="0.013524"/>
</kw>
<kw name="Click Button" owner="SeleniumLibrary">
<msg time="2024-10-27T16:26:50.538138" level="INFO">Clicking button 'id=botaoEnviarComentario'.</msg>
<arg>id=botaoEnviarComentario</arg>
<doc>Clicks the button identified by ``locator``.</doc>
<status status="PASS" start="2024-10-27T16:26:50.538138" elapsed="0.062609"/>
</kw>
<kw name="Sleep" owner="BuiltIn">
<msg time="2024-10-27T16:26:51.601038" level="INFO">Slept 1 second.</msg>
<arg>1s</arg>
<doc>Pauses the test executed for the given time.</doc>
<status status="PASS" start="2024-10-27T16:26:50.600747" elapsed="1.000291"/>
</kw>
<status status="PASS" start="2024-10-27T16:26:50.523613" elapsed="1.077425"/>
</kw>
<kw name="Verificar mensagem de erro">
<kw name="Wait Until Element Is Visible" owner="SeleniumLibrary">
<arg>xpath=//span[contains(text(), 'Este campo é obrigatório.')]</arg>
<arg>timeout=10s</arg>
<doc>Waits until the element ``locator`` is visible.</doc>
<status status="PASS" start="2024-10-27T16:26:51.603055" elapsed="0.035125"/>
</kw>
<status status="PASS" start="2024-10-27T16:26:51.603055" elapsed="0.035125"/>
</kw>
<kw name="Fechar o navegador" owner="resource" type="TEARDOWN">
<kw name="Capture Page Screenshot" owner="SeleniumLibrary">
<msg time="2024-10-27T16:26:51.786641" level="INFO" html="true">&lt;/td&gt;&lt;/tr&gt;&lt;tr&gt;&lt;td colspan="3"&gt;&lt;a href="selenium-screenshot-7.png"&gt;&lt;img src="selenium-screenshot-7.png" width="800px"&gt;&lt;/a&gt;</msg>
<doc>Takes a screenshot of the current page and embeds it into a log file.</doc>
<status status="PASS" start="2024-10-27T16:26:51.642705" elapsed="0.143936"/>
</kw>
<kw name="Close Browser" owner="SeleniumLibrary">
<doc>Closes the current browser.</doc>
<status status="PASS" start="2024-10-27T16:26:51.786641" elapsed="2.355217"/>
</kw>
<status status="PASS" start="2024-10-27T16:26:51.641707" elapsed="2.500151"/>
</kw>
<status status="PASS" start="2024-10-27T16:26:39.175165" elapsed="14.966693"/>
</test>
<status status="PASS" start="2024-10-27T16:26:24.007029" elapsed="30.137832"/>
</suite>
<statistics>
<total>
<stat pass="2" fail="0" skip="0">All Tests</stat>
</total>
<tag>
</tag>
<suite>
<stat pass="2" fail="0" skip="0" id="s1" name="Comentario-Receita">Comentario-Receita</stat>
</suite>
</statistics>
<errors>
</errors>
</robot>
